c:\users\manu\documents\visual studio 2015\projects\pricer\wrapper\x64\debug\wrapper.pch
c:\users\manu\documents\visual studio 2015\projects\pricer\wrapper\x64\debug\vc140.pdb
c:\users\manu\documents\visual studio 2015\projects\pricer\wrapper\x64\debug\stdafx.obj
c:\users\manu\documents\visual studio 2015\projects\pricer\wrapper\x64\debug\wrapper.obj
c:\users\manu\documents\visual studio 2015\projects\pricer\wrapper\x64\debug\assemblyinfo.obj
c:\users\manu\documents\visual studio 2015\projects\pricer\wrapper\x64\debug\.netframework,version=v4.5.2.assemblyattributes.obj
c:\users\manu\documents\visual studio 2015\projects\pricer\wrapper\x64\debug\.netframework,version=v4.5.2.assemblyattributes.asm
c:\users\manu\documents\visual studio 2015\projects\pricer\web\bin\wrapper.dll
c:\users\manu\documents\visual studio 2015\projects\pricer\web\bin\wrapper.pdb
c:\users\manu\documents\visual studio 2015\projects\pricer\wrapper\x64\debug\app.res
c:\users\manu\documents\visual studio 2015\projects\pricer\wrapper\x64\debug\wrapper.vcxprojresolveassemblyreference.cache
c:\users\manu\documents\visual studio 2015\projects\pricer\wrapper\x64\debug\wrapper.tlog\cl.command.1.tlog
c:\users\manu\documents\visual studio 2015\projects\pricer\wrapper\x64\debug\wrapper.tlog\cl.read.1.tlog
c:\users\manu\documents\visual studio 2015\projects\pricer\wrapper\x64\debug\wrapper.tlog\cl.write.1.tlog
c:\users\manu\documents\visual studio 2015\projects\pricer\wrapper\x64\debug\wrapper.tlog\link.command.1.tlog
c:\users\manu\documents\visual studio 2015\projects\pricer\wrapper\x64\debug\wrapper.tlog\link.read.1.tlog
c:\users\manu\documents\visual studio 2015\projects\pricer\wrapper\x64\debug\wrapper.tlog\link.write.1.tlog
c:\users\manu\documents\visual studio 2015\projects\pricer\wrapper\x64\debug\wrapper.tlog\metagen.read.1.tlog
c:\users\manu\documents\visual studio 2015\projects\pricer\wrapper\x64\debug\wrapper.tlog\metagen.write.1.tlog
c:\users\manu\documents\visual studio 2015\projects\pricer\wrapper\x64\debug\wrapper.tlog\rc.command.1.tlog
c:\users\manu\documents\visual studio 2015\projects\pricer\wrapper\x64\debug\wrapper.tlog\rc.read.1.tlog
c:\users\manu\documents\visual studio 2015\projects\pricer\wrapper\x64\debug\wrapper.tlog\rc.write.1.tlog
c:\users\manu\documents\visual studio 2015\projects\pricer\wrapper\x64\debug\wrapper.tlog\tzres.dll.bi
