c:\users\ensimag\desktop\peps\projet_peps_2018\wrapper\x64\debug\wrapper.pch
c:\users\ensimag\desktop\peps\projet_peps_2018\wrapper\x64\debug\vc140.pdb
c:\users\ensimag\desktop\peps\projet_peps_2018\wrapper\x64\debug\stdafx.obj
c:\users\ensimag\desktop\peps\projet_peps_2018\wrapper\x64\debug\wrapper.obj
c:\users\ensimag\desktop\peps\projet_peps_2018\wrapper\x64\debug\assemblyinfo.obj
c:\users\ensimag\desktop\peps\projet_peps_2018\wrapper\x64\debug\.netframework,version=v4.5.2.assemblyattributes.obj
c:\users\ensimag\desktop\peps\projet_peps_2018\wrapper\x64\debug\.netframework,version=v4.5.2.assemblyattributes.asm
c:\users\ensimag\desktop\peps\projet_peps_2018\wrapper\x64\debug\app.res
c:\users\ensimag\desktop\peps\projet_peps_2018\wrapper\x64\debug\wrapper.vcxprojresolveassemblyreference.cache
c:\users\ensimag\desktop\peps\projet_peps_2018\wrapper\x64\debug\wrapper.tlog\cl.command.1.tlog
c:\users\ensimag\desktop\peps\projet_peps_2018\wrapper\x64\debug\wrapper.tlog\cl.read.1.tlog
c:\users\ensimag\desktop\peps\projet_peps_2018\wrapper\x64\debug\wrapper.tlog\cl.write.1.tlog
c:\users\ensimag\desktop\peps\projet_peps_2018\wrapper\x64\debug\wrapper.tlog\link.command.1.tlog
c:\users\ensimag\desktop\peps\projet_peps_2018\wrapper\x64\debug\wrapper.tlog\link.read.1.tlog
c:\users\ensimag\desktop\peps\projet_peps_2018\wrapper\x64\debug\wrapper.tlog\link.write.1.tlog
c:\users\ensimag\desktop\peps\projet_peps_2018\wrapper\x64\debug\wrapper.tlog\metagen.read.1.tlog
c:\users\ensimag\desktop\peps\projet_peps_2018\wrapper\x64\debug\wrapper.tlog\metagen.write.1.tlog
c:\users\ensimag\desktop\peps\projet_peps_2018\wrapper\x64\debug\wrapper.tlog\rc.command.1.tlog
c:\users\ensimag\desktop\peps\projet_peps_2018\wrapper\x64\debug\wrapper.tlog\rc.read.1.tlog
c:\users\ensimag\desktop\peps\projet_peps_2018\wrapper\x64\debug\wrapper.tlog\rc.write.1.tlog
c:\users\ensimag\desktop\peps\projet_peps_2018\wrapper\x64\debug\wrapper.tlog\rsaenh.dll.bi
c:\users\ensimag\desktop\peps\projet_peps_2018\wrapper\x64\debug\wrapper.tlog\tzres.dll.bi
