c:\users\manu\documents\visual studio 2015\projects\pricer\pricer\x64\debug\pricer.pch
c:\users\manu\documents\visual studio 2015\projects\pricer\pricer\x64\debug\pricer.pdb
c:\users\manu\documents\visual studio 2015\projects\pricer\pricer\x64\debug\pricer.idb
c:\users\manu\documents\visual studio 2015\projects\pricer\pricer\x64\debug\utilities.obj
c:\users\manu\documents\visual studio 2015\projects\pricer\pricer\x64\debug\quantooption.obj
c:\users\manu\documents\visual studio 2015\projects\pricer\pricer\x64\debug\pricer.obj
c:\users\manu\documents\visual studio 2015\projects\pricer\pricer\x64\debug\performanceoption.obj
c:\users\manu\documents\visual studio 2015\projects\pricer\pricer\x64\debug\option.obj
c:\users\manu\documents\visual studio 2015\projects\pricer\pricer\x64\debug\montecarlo.obj
c:\users\manu\documents\visual studio 2015\projects\pricer\pricer\x64\debug\eurostral100.obj
c:\users\manu\documents\visual studio 2015\projects\pricer\pricer\x64\debug\blackscholesmodel.obj
c:\users\manu\documents\visual studio 2015\projects\pricer\pricer\x64\debug\basketoption.obj
c:\users\manu\documents\visual studio 2015\projects\pricer\pricer\x64\debug\asianoption.obj
c:\users\manu\documents\visual studio 2015\projects\pricer\x64\debug\pricer.lib
c:\users\manu\documents\visual studio 2015\projects\pricer\x64\debug\pricer.pdb
c:\users\manu\documents\visual studio 2015\projects\pricer\pricer\x64\debug\pricer.tlog\cl.command.1.tlog
c:\users\manu\documents\visual studio 2015\projects\pricer\pricer\x64\debug\pricer.tlog\cl.read.1.tlog
c:\users\manu\documents\visual studio 2015\projects\pricer\pricer\x64\debug\pricer.tlog\cl.write.1.tlog
c:\users\manu\documents\visual studio 2015\projects\pricer\pricer\x64\debug\pricer.tlog\lib-link.read.1.tlog
c:\users\manu\documents\visual studio 2015\projects\pricer\pricer\x64\debug\pricer.tlog\lib-link.write.1.tlog
c:\users\manu\documents\visual studio 2015\projects\pricer\pricer\x64\debug\pricer.tlog\lib.command.1.tlog
