c:\users\ensimag\desktop\peps\projet_peps_2018\nativepricerconsole\debug\vc140.pdb
c:\users\ensimag\desktop\peps\projet_peps_2018\nativepricerconsole\debug\vc140.idb
c:\users\ensimag\desktop\peps\projet_peps_2018\nativepricerconsole\debug\asianoption.obj
c:\users\ensimag\desktop\peps\projet_peps_2018\nativepricerconsole\debug\basketoption.obj
c:\users\ensimag\desktop\peps\projet_peps_2018\nativepricerconsole\debug\blackscholesmodel.obj
c:\users\ensimag\desktop\peps\projet_peps_2018\nativepricerconsole\debug\eurostral100.obj
c:\users\ensimag\desktop\peps\projet_peps_2018\nativepricerconsole\debug\lien.obj
c:\users\ensimag\desktop\peps\projet_peps_2018\nativepricerconsole\debug\montecarlo.obj
c:\users\ensimag\desktop\peps\projet_peps_2018\nativepricerconsole\debug\option.obj
c:\users\ensimag\desktop\peps\projet_peps_2018\nativepricerconsole\debug\performanceoption.obj
c:\users\ensimag\desktop\peps\projet_peps_2018\nativepricerconsole\debug\pricer.obj
c:\users\ensimag\desktop\peps\projet_peps_2018\nativepricerconsole\debug\quantooption.obj
c:\users\ensimag\desktop\peps\projet_peps_2018\nativepricerconsole\debug\utilities.obj
c:\users\ensimag\desktop\peps\projet_peps_2018\debug\nativepricerconsole.pdb
c:\users\ensimag\desktop\peps\projet_peps_2018\nativepricerconsole\debug\nativepr.734f12dd.tlog\cl.command.1.tlog
c:\users\ensimag\desktop\peps\projet_peps_2018\nativepricerconsole\debug\nativepr.734f12dd.tlog\cl.read.1.tlog
c:\users\ensimag\desktop\peps\projet_peps_2018\nativepricerconsole\debug\nativepr.734f12dd.tlog\cl.write.1.tlog
c:\users\ensimag\desktop\peps\projet_peps_2018\nativepricerconsole\debug\nativepr.734f12dd.tlog\link-cvtres.read.1.tlog
c:\users\ensimag\desktop\peps\projet_peps_2018\nativepricerconsole\debug\nativepr.734f12dd.tlog\link-cvtres.write.1.tlog
c:\users\ensimag\desktop\peps\projet_peps_2018\nativepricerconsole\debug\nativepr.734f12dd.tlog\link-rc.read.1.tlog
c:\users\ensimag\desktop\peps\projet_peps_2018\nativepricerconsole\debug\nativepr.734f12dd.tlog\link-rc.write.1.tlog
c:\users\ensimag\desktop\peps\projet_peps_2018\nativepricerconsole\debug\nativepr.734f12dd.tlog\link.command.1.tlog
c:\users\ensimag\desktop\peps\projet_peps_2018\nativepricerconsole\debug\nativepr.734f12dd.tlog\link.read.1.tlog
c:\users\ensimag\desktop\peps\projet_peps_2018\nativepricerconsole\debug\nativepr.734f12dd.tlog\link.write.1.tlog
