  Utilities.cpp
c:\users\ensimag\desktop\peps\projet_peps_2018\nativepricerconsole\utilities.cpp(14): warning C4244: 'argument' : conversion de 'double' en 'int', perte possible de données
c:\users\ensimag\desktop\peps\projet_peps_2018\nativepricerconsole\utilities.cpp(19): warning C4244: 'argument' : conversion de 'double' en 'int', perte possible de données
c:\users\ensimag\desktop\peps\projet_peps_2018\nativepricerconsole\utilities.cpp(36): warning C4244: 'argument' : conversion de 'double' en 'int', perte possible de données
c:\users\ensimag\desktop\peps\projet_peps_2018\nativepricerconsole\utilities.cpp(40): warning C4244: 'argument' : conversion de 'double' en 'int', perte possible de données
c:\users\ensimag\desktop\peps\projet_peps_2018\nativepricerconsole\utilities.cpp(46): warning C4244: 'argument' : conversion de 'double' en 'int', perte possible de données
  QuantoOption.cpp
  Pricer.cpp
c:\users\ensimag\desktop\peps\projet_peps_2018\nativepricerconsole\pricer.cpp(97): warning C4244: 'initialisation' : conversion de 'double' en 'clock_t', perte possible de données
c:\users\ensimag\desktop\peps\projet_peps_2018\nativepricerconsole\pricer.cpp(106): warning C4244: 'initialisation' : conversion de 'double' en 'clock_t', perte possible de données
  PerformanceOption.cpp
  Option.cpp
  MonteCarlo.cpp
c:\users\ensimag\desktop\peps\projet_peps_2018\nativepricerconsole\montecarlo.cpp(23): warning C4244: 'argument' : conversion de 'time_t' en 'unsigned long', perte possible de données
c:\users\ensimag\desktop\peps\projet_peps_2018\nativepricerconsole\montecarlo.cpp(162): warning C4101: 'tmp' : variable locale non référencée
c:\users\ensimag\desktop\peps\projet_peps_2018\nativepricerconsole\montecarlo.cpp(350): warning C4244: 'argument' : conversion de 'double' en 'int', perte possible de données
c:\users\ensimag\desktop\peps\projet_peps_2018\nativepricerconsole\montecarlo.cpp(354): warning C4244: 'argument' : conversion de 'double' en 'int', perte possible de données
c:\users\ensimag\desktop\peps\projet_peps_2018\nativepricerconsole\montecarlo.cpp(355): warning C4244: 'argument' : conversion de 'double' en 'int', perte possible de données
c:\users\ensimag\desktop\peps\projet_peps_2018\nativepricerconsole\montecarlo.cpp(363): warning C4244: 'argument' : conversion de 'double' en 'int', perte possible de données
c:\users\ensimag\desktop\peps\projet_peps_2018\nativepricerconsole\montecarlo.cpp(367): warning C4244: 'argument' : conversion de 'double' en 'int', perte possible de données
c:\users\ensimag\desktop\peps\projet_peps_2018\nativepricerconsole\montecarlo.cpp(368): warning C4244: 'argument' : conversion de 'double' en 'int', perte possible de données
  Lien.cpp
  Eurostral100.cpp
  BlackScholesModel.cpp
c:\users\ensimag\desktop\peps\projet_peps_2018\nativepricerconsole\blackscholesmodel.cpp(148): warning C4244: 'initialisation' : conversion de 'double' en 'int', perte possible de données
c:\users\ensimag\desktop\peps\projet_peps_2018\nativepricerconsole\blackscholesmodel.cpp(189): warning C4244: 'initialisation' : conversion de 'double' en 'int', perte possible de données
c:\users\ensimag\desktop\peps\projet_peps_2018\nativepricerconsole\blackscholesmodel.cpp(254): warning C4244: 'initialisation' : conversion de 'double' en 'int', perte possible de données
  BasketOption.cpp
  AsianOption.cpp
  Génération de code en cours...
c:\users\ensimag\desktop\peps\projet_peps_2018\nativepricerconsole\pricer.cpp(197): warning C4715: 'Pricer::price' : les chemins de contrôle ne retournent pas tous une valeur
     Création de la bibliothèque C:\Users\ensimag\Desktop\PEPS\Projet_Peps_2018\Debug\NativePricerConsole.lib et de l'objet C:\Users\ensimag\Desktop\PEPS\Projet_Peps_2018\Debug\NativePricerConsole.exp
MonteCarlo.obj : error LNK2001: symbole externe non résolu _pnl_vect_get
PerformanceOption.obj : error LNK2001: symbole externe non résolu _pnl_vect_get
QuantoOption.obj : error LNK2001: symbole externe non résolu _pnl_vect_get
AsianOption.obj : error LNK2001: symbole externe non résolu _pnl_vect_get
BasketOption.obj : error LNK2001: symbole externe non résolu _pnl_vect_get
BlackScholesModel.obj : error LNK2001: symbole externe non résolu _pnl_vect_get
Eurostral100.obj : error LNK2001: symbole externe non résolu _pnl_vect_get
PerformanceOption.obj : error LNK2001: symbole externe non résolu _pnl_mat_get
QuantoOption.obj : error LNK2001: symbole externe non résolu _pnl_mat_get
AsianOption.obj : error LNK2001: symbole externe non résolu _pnl_mat_get
BasketOption.obj : error LNK2001: symbole externe non résolu _pnl_mat_get
BlackScholesModel.obj : error LNK2001: symbole externe non résolu _pnl_mat_get
MonteCarlo.obj : error LNK2001: symbole externe non résolu _pnl_mat_get
BasketOption.obj : error LNK2019: symbole externe non résolu _pnl_bs_call référencé dans la fonction "public: virtual double __thiscall BasketOption::exactPrice0(class BlackScholesModel *)" (?exactPrice0@BasketOption@@UAENPAVBlackScholesModel@@@Z)
QuantoOption.obj : error LNK2001: symbole externe non résolu _pnl_bs_call
BlackScholesModel.obj : error LNK2019: symbole externe non résolu _pnl_vect_set référencé dans la fonction "public: __thiscall BlackScholesModel::BlackScholesModel(int,double,struct _PnlMat *,struct _PnlVect *,struct _PnlVect *)" (??0BlackScholesModel@@QAE@HNPAU_PnlMat@@PAU_PnlVect@@1@Z)
MonteCarlo.obj : error LNK2001: symbole externe non résolu _pnl_vect_set
BlackScholesModel.obj : error LNK2019: symbole externe non résolu _pnl_vect_free référencé dans la fonction "public: __thiscall BlackScholesModel::~BlackScholesModel(void)" (??1BlackScholesModel@@QAE@XZ)
MonteCarlo.obj : error LNK2001: symbole externe non résolu _pnl_vect_free
Pricer.obj : error LNK2001: symbole externe non résolu _pnl_vect_free
BlackScholesModel.obj : error LNK2019: symbole externe non résolu _pnl_vect_new référencé dans la fonction "public: __thiscall BlackScholesModel::BlackScholesModel(int,double,double,struct _PnlVect *,struct _PnlVect *)" (??0BlackScholesModel@@QAE@HNNPAU_PnlVect@@0@Z)
BlackScholesModel.obj : error LNK2019: symbole externe non résolu _pnl_vect_create référencé dans la fonction "public: __thiscall BlackScholesModel::BlackScholesModel(int,double,struct _PnlMat *,struct _PnlVect *,struct _PnlVect *)" (??0BlackScholesModel@@QAE@HNPAU_PnlMat@@PAU_PnlVect@@1@Z)
Eurostral100.obj : error LNK2001: symbole externe non résolu _pnl_vect_create
BlackScholesModel.obj : error LNK2019: symbole externe non résolu _pnl_vect_create_from_scalar référencé dans la fonction "public: __thiscall BlackScholesModel::BlackScholesModel(int,double,struct _PnlMat *,struct _PnlVect *,struct _PnlVect *)" (??0BlackScholesModel@@QAE@HNPAU_PnlMat@@PAU_PnlVect@@1@Z)
Pricer.obj : error LNK2001: symbole externe non résolu _pnl_vect_create_from_scalar
BlackScholesModel.obj : error LNK2019: symbole externe non résolu _pnl_vect_copy référencé dans la fonction "public: void __thiscall BlackScholesModel::asset_static(struct _PnlMat *,double,int,struct _PnlRng *)" (?asset_static@BlackScholesModel@@QAEXPAU_PnlMat@@NHPAU_PnlRng@@@Z)
BlackScholesModel.obj : error LNK2019: symbole externe non résolu _pnl_vect_scalar_prod référencé dans la fonction "public: void __thiscall BlackScholesModel::asset(struct _PnlMat *,double,int,struct _PnlRng *)" (?asset@BlackScholesModel@@QAEXPAU_PnlMat@@NHPAU_PnlRng@@@Z)
MonteCarlo.obj : error LNK2001: symbole externe non résolu _pnl_vect_scalar_prod
BlackScholesModel.obj : error LNK2019: symbole externe non résolu _pnl_mat_create_from_scalar référencé dans la fonction "public: __thiscall BlackScholesModel::BlackScholesModel(int,double,double,struct _PnlVect *,struct _PnlVect *)" (??0BlackScholesModel@@QAE@HNNPAU_PnlVect@@0@Z)
BlackScholesModel.obj : error LNK2019: symbole externe non résolu _pnl_mat_set_subblock référencé dans la fonction "public: void __thiscall BlackScholesModel::asset(struct _PnlMat *,double,double,int,struct _PnlRng *,struct _PnlMat const *)" (?asset@BlackScholesModel@@QAEXPAU_PnlMat@@NNHPAU_PnlRng@@PBU2@@Z)
BlackScholesModel.obj : error LNK2019: symbole externe non résolu _pnl_mat_free référencé dans la fonction "public: __thiscall BlackScholesModel::~BlackScholesModel(void)" (??1BlackScholesModel@@QAE@XZ)
MonteCarlo.obj : error LNK2001: symbole externe non résolu _pnl_mat_free
Pricer.obj : error LNK2001: symbole externe non résolu _pnl_mat_free
BlackScholesModel.obj : error LNK2019: symbole externe non résolu _pnl_mat_copy référencé dans la fonction "public: void __thiscall BlackScholesModel::asset_static(struct _PnlMat *,double,int,struct _PnlRng *)" (?asset_static@BlackScholesModel@@QAEXPAU_PnlMat@@NHPAU_PnlRng@@@Z)
BlackScholesModel.obj : error LNK2019: symbole externe non résolu _pnl_mat_clone référencé dans la fonction "public: void __thiscall BlackScholesModel::shiftAsset(struct _PnlMat *,struct _PnlMat const *,int,double,double,double)" (?shiftAsset@BlackScholesModel@@QAEXPAU_PnlMat@@PBU2@HNNN@Z)
BlackScholesModel.obj : error LNK2019: symbole externe non résolu _pnl_mat_plus_mat référencé dans la fonction "public: __thiscall BlackScholesModel::BlackScholesModel(int,double,struct _PnlMat *,struct _PnlVect *,struct _PnlVect *)" (??0BlackScholesModel@@QAE@HNPAU_PnlMat@@PAU_PnlVect@@1@Z)
BlackScholesModel.obj : error LNK2019: symbole externe non résolu _pnl_mat_transpose référencé dans la fonction "public: __thiscall BlackScholesModel::BlackScholesModel(int,double,struct _PnlMat *,struct _PnlVect *,struct _PnlVect *)" (??0BlackScholesModel@@QAE@HNPAU_PnlMat@@PAU_PnlVect@@1@Z)
BlackScholesModel.obj : error LNK2019: symbole externe non résolu _pnl_vect_wrap_mat_row référencé dans la fonction "public: void __thiscall BlackScholesModel::asset(struct _PnlMat *,double,int,struct _PnlRng *)" (?asset@BlackScholesModel@@QAEXPAU_PnlMat@@NHPAU_PnlRng@@@Z)
MonteCarlo.obj : error LNK2001: symbole externe non résolu _pnl_vect_wrap_mat_row
Utilities.obj : error LNK2001: symbole externe non résolu _pnl_vect_wrap_mat_row
BlackScholesModel.obj : error LNK2019: symbole externe non résolu _pnl_mat_create_diag référencé dans la fonction "public: __thiscall BlackScholesModel::BlackScholesModel(int,double,struct _PnlMat *,struct _PnlVect *,struct _PnlVect *)" (??0BlackScholesModel@@QAE@HNPAU_PnlMat@@PAU_PnlVect@@1@Z)
BlackScholesModel.obj : error LNK2019: symbole externe non résolu _pnl_mat_set_row référencé dans la fonction "public: void __thiscall BlackScholesModel::asset(struct _PnlMat *,double,int,struct _PnlRng *)" (?asset@BlackScholesModel@@QAEXPAU_PnlMat@@NHPAU_PnlRng@@@Z)
Pricer.obj : error LNK2001: symbole externe non résolu _pnl_mat_set_row
Utilities.obj : error LNK2001: symbole externe non résolu _pnl_mat_set_row
BlackScholesModel.obj : error LNK2019: symbole externe non résolu _pnl_mat_chol référencé dans la fonction "public: __thiscall BlackScholesModel::BlackScholesModel(int,double,double,struct _PnlVect *,struct _PnlVect *)" (??0BlackScholesModel@@QAE@HNNPAU_PnlVect@@0@Z)
BlackScholesModel.obj : error LNK2019: symbole externe non résolu _pnl_mat_set référencé dans la fonction "public: __thiscall BlackScholesModel::BlackScholesModel(int,double,double,struct _PnlVect *,struct _PnlVect *)" (??0BlackScholesModel@@QAE@HNNPAU_PnlVect@@0@Z)
BlackScholesModel.obj : error LNK2019: symbole externe non résolu _pnl_vect_rng_uni référencé dans la fonction "public: void __thiscall BlackScholesModel::asset_static(struct _PnlMat *,double,int,struct _PnlRng *)" (?asset_static@BlackScholesModel@@QAEXPAU_PnlMat@@NHPAU_PnlRng@@@Z)
BlackScholesModel.obj : error LNK2019: symbole externe non résolu _pnl_vect_rng_normal référencé dans la fonction "public: void __thiscall BlackScholesModel::asset(struct _PnlMat *,double,int,struct _PnlRng *)" (?asset@BlackScholesModel@@QAEXPAU_PnlMat@@NHPAU_PnlRng@@@Z)
Eurostral100.obj : error LNK2019: symbole externe non résolu _pnl_mat_get_col référencé dans la fonction "public: virtual double __thiscall Eurostral100::payoff(struct _PnlMat const *)" (?payoff@Eurostral100@@UAENPBU_PnlMat@@@Z)
Lien.obj : error LNK2019: symbole externe non résolu _pnl_vect_create_from_ptr référencé dans la fonction "public: __thiscall Lien::Lien(int,double,double *,double *,double *,double,int,double,double,int,double *)" (??0Lien@@QAE@HNPAN00NHNNH0@Z)
Lien.obj : error LNK2019: symbole externe non résolu _pnl_mat_create_from_ptr référencé dans la fonction "public: __thiscall Lien::Lien(int,double,double *,double *,double *,double,int,double,double,int,double *)" (??0Lien@@QAE@HNPAN00NHNNH0@Z)
MonteCarlo.obj : error LNK2019: symbole externe non résolu _pnl_vect_create_from_zero référencé dans la fonction "public: void __thiscall MonteCarlo::PL_build_V(struct _PnlMat const *,double,struct _PnlVect *,struct _PnlVect *)" (?PL_build_V@MonteCarlo@@QAEXPBU_PnlMat@@NPAU_PnlVect@@1@Z)
Pricer.obj : error LNK2001: symbole externe non résolu _pnl_vect_create_from_zero
MonteCarlo.obj : error LNK2019: symbole externe non résolu _pnl_vect_clone référencé dans la fonction "public: void __thiscall MonteCarlo::PL_build_V(struct _PnlMat const *,double,struct _PnlVect *,struct _PnlVect *)" (?PL_build_V@MonteCarlo@@QAEXPBU_PnlMat@@NPAU_PnlVect@@1@Z)
MonteCarlo.obj : error LNK2019: symbole externe non résolu _pnl_vect_plus_vect référencé dans la fonction "public: void __thiscall MonteCarlo::price(struct _PnlMat const *,double,double &,double &)" (?price@MonteCarlo@@QAEXPBU_PnlMat@@NAAN1@Z)
MonteCarlo.obj : error LNK2019: symbole externe non résolu _pnl_vect_minus_vect référencé dans la fonction "public: void __thiscall MonteCarlo::PL_build_V(struct _PnlMat const *,double,struct _PnlVect *,struct _PnlVect *)" (?PL_build_V@MonteCarlo@@QAEXPBU_PnlMat@@NPAU_PnlVect@@1@Z)
MonteCarlo.obj : error LNK2019: symbole externe non résolu _pnl_mat_create_from_zero référencé dans la fonction "public: void __thiscall MonteCarlo::PL_build_V(struct _PnlMat const *,double,struct _PnlVect *,struct _PnlVect *)" (?PL_build_V@MonteCarlo@@QAEXPBU_PnlMat@@NPAU_PnlVect@@1@Z)
Utilities.obj : error LNK2001: symbole externe non résolu _pnl_mat_create_from_zero
MonteCarlo.obj : error LNK2019: symbole externe non résolu _pnl_mat_extract_subblock référencé dans la fonction "public: double __thiscall MonteCarlo::PL_init(struct _PnlMat const *,struct _PnlVect *)" (?PL_init@MonteCarlo@@QAENPBU_PnlMat@@PAU_PnlVect@@@Z)
MonteCarlo.obj : error LNK2019: symbole externe non résolu _pnl_mat_get_row référencé dans la fonction "public: double __thiscall MonteCarlo::PL_init_Eurostral(struct _PnlMat const *,struct _PnlVect *)" (?PL_init_Eurostral@MonteCarlo@@QAENPBU_PnlMat@@PAU_PnlVect@@@Z)
MonteCarlo.obj : error LNK2019: symbole externe non résolu _pnl_rng_free référencé dans la fonction "public: __thiscall MonteCarlo::~MonteCarlo(void)" (??1MonteCarlo@@QAE@XZ)
MonteCarlo.obj : error LNK2019: symbole externe non résolu _pnl_rng_create référencé dans la fonction "public: __thiscall MonteCarlo::MonteCarlo(double,int)" (??0MonteCarlo@@QAE@NH@Z)
MonteCarlo.obj : error LNK2019: symbole externe non résolu _pnl_rng_sseed référencé dans la fonction "public: __thiscall MonteCarlo::MonteCarlo(double,int)" (??0MonteCarlo@@QAE@NH@Z)
Pricer.obj : error LNK2019: symbole externe non résolu _pnl_mat_create référencé dans la fonction "public: double __thiscall Pricer::price(void)" (?price@Pricer@@QAENXZ)
Utilities.obj : error LNK2019: symbole externe non résolu _pnl_mat_add_row référencé dans la fonction "public: struct _PnlMat * __thiscall Utilities::getConstatationDates(struct _PnlMat const *,class Option *,double)" (?getConstatationDates@Utilities@@QAEPAU_PnlMat@@PBU2@PAVOption@@N@Z)
C:\Users\ensimag\Desktop\PEPS\Projet_Peps_2018\pnl-win64-1.8.0\lib\libpnl.lib : warning LNK4272: type d'ordinateur bibliothèque 'x64' en conflit avec le type d'ordinateur cible 'X86'
C:\Users\ensimag\Desktop\PEPS\Projet_Peps_2018\Debug\NativePricerConsole.dll : fatal error LNK1120: 39 externes non résolus
