c:\users\thame\projet_peps_2018\nativepricerconsole\x64\debug\vc141.pdb
c:\users\thame\projet_peps_2018\nativepricerconsole\x64\debug\vc141.idb
c:\users\thame\projet_peps_2018\nativepricerconsole\x64\debug\asianoption.obj
c:\users\thame\projet_peps_2018\nativepricerconsole\x64\debug\basketoption.obj
c:\users\thame\projet_peps_2018\nativepricerconsole\x64\debug\blackscholesmodel.obj
c:\users\thame\projet_peps_2018\nativepricerconsole\x64\debug\eurostral100.obj
c:\users\thame\projet_peps_2018\nativepricerconsole\x64\debug\montecarlo.obj
c:\users\thame\projet_peps_2018\nativepricerconsole\x64\debug\option.obj
c:\users\thame\projet_peps_2018\nativepricerconsole\x64\debug\performanceoption.obj
c:\users\thame\projet_peps_2018\nativepricerconsole\x64\debug\pricer.obj
c:\users\thame\projet_peps_2018\nativepricerconsole\x64\debug\quantooption.obj
c:\users\thame\projet_peps_2018\nativepricerconsole\x64\debug\utilities.obj
c:\users\thame\projet_peps_2018\x64\debug\nativepricerconsole.ilk
c:\users\thame\projet_peps_2018\x64\debug\nativepricerconsole.exe
c:\users\thame\projet_peps_2018\x64\debug\nativepricerconsole.pdb
c:\users\thame\projet_peps_2018\x64\debug\nativepricerconsole.lib
c:\users\thame\projet_peps_2018\x64\debug\nativepricerconsole.exp
c:\users\thame\projet_peps_2018\nativepricerconsole\x64\debug\nativepr.734f12dd.tlog\cl.command.1.tlog
c:\users\thame\projet_peps_2018\nativepricerconsole\x64\debug\nativepr.734f12dd.tlog\cl.read.1.tlog
c:\users\thame\projet_peps_2018\nativepricerconsole\x64\debug\nativepr.734f12dd.tlog\cl.write.1.tlog
c:\users\thame\projet_peps_2018\nativepricerconsole\x64\debug\nativepr.734f12dd.tlog\link.command.1.tlog
c:\users\thame\projet_peps_2018\nativepricerconsole\x64\debug\nativepr.734f12dd.tlog\link.read.1.tlog
c:\users\thame\projet_peps_2018\nativepricerconsole\x64\debug\nativepr.734f12dd.tlog\link.write.1.tlog
c:\users\thame\projet_peps_2018\nativepricerconsole\x64\debug\nativepr.734f12dd.tlog\nativepricerconsole.write.1u.tlog
