<<<<<<< HEAD
﻿  Utilities.cpp
c:\users\ensimag\desktop\peps\projet_peps_2018\nativepricerconsole\utilities.cpp(14): warning C4244: 'argument' : conversion de 'double' en 'int', perte possible de données
c:\users\ensimag\desktop\peps\projet_peps_2018\nativepricerconsole\utilities.cpp(19): warning C4244: 'argument' : conversion de 'double' en 'int', perte possible de données
c:\users\ensimag\desktop\peps\projet_peps_2018\nativepricerconsole\utilities.cpp(36): warning C4244: 'argument' : conversion de 'double' en 'int', perte possible de données
c:\users\ensimag\desktop\peps\projet_peps_2018\nativepricerconsole\utilities.cpp(40): warning C4244: 'argument' : conversion de 'double' en 'int', perte possible de données
c:\users\ensimag\desktop\peps\projet_peps_2018\nativepricerconsole\utilities.cpp(46): warning C4244: 'argument' : conversion de 'double' en 'int', perte possible de données
  QuantoOption.cpp
  Pricer.cpp
c:\users\ensimag\desktop\peps\projet_peps_2018\nativepricerconsole\pricer.hpp(8): warning C4091: '__declspec(dllexport)' : ignoré à gauche de 'Pricer' quand aucune variable n'est déclarée
c:\users\ensimag\desktop\peps\projet_peps_2018\nativepricerconsole\pricer.cpp(78): warning C4267: 'argument' : conversion de 'size_t' en 'int', perte possible de données
c:\users\ensimag\desktop\peps\projet_peps_2018\nativepricerconsole\pricer.cpp(97): warning C4244: 'initialisation' : conversion de 'double' en 'clock_t', perte possible de données
c:\users\ensimag\desktop\peps\projet_peps_2018\nativepricerconsole\pricer.cpp(106): warning C4244: 'initialisation' : conversion de 'double' en 'clock_t', perte possible de données
  PerformanceOption.cpp
  Option.cpp
  MonteCarlo.cpp
c:\users\ensimag\desktop\peps\projet_peps_2018\nativepricerconsole\montecarlo.cpp(23): warning C4244: 'argument' : conversion de 'time_t' en 'unsigned long', perte possible de données
c:\users\ensimag\desktop\peps\projet_peps_2018\nativepricerconsole\montecarlo.cpp(162): warning C4101: 'tmp' : variable locale non référencée
c:\users\ensimag\desktop\peps\projet_peps_2018\nativepricerconsole\montecarlo.cpp(350): warning C4244: 'argument' : conversion de 'double' en 'int', perte possible de données
c:\users\ensimag\desktop\peps\projet_peps_2018\nativepricerconsole\montecarlo.cpp(354): warning C4244: 'argument' : conversion de 'double' en 'int', perte possible de données
c:\users\ensimag\desktop\peps\projet_peps_2018\nativepricerconsole\montecarlo.cpp(355): warning C4244: 'argument' : conversion de 'double' en 'int', perte possible de données
c:\users\ensimag\desktop\peps\projet_peps_2018\nativepricerconsole\montecarlo.cpp(363): warning C4244: 'argument' : conversion de 'double' en 'int', perte possible de données
c:\users\ensimag\desktop\peps\projet_peps_2018\nativepricerconsole\montecarlo.cpp(367): warning C4244: 'argument' : conversion de 'double' en 'int', perte possible de données
c:\users\ensimag\desktop\peps\projet_peps_2018\nativepricerconsole\montecarlo.cpp(368): warning C4244: 'argument' : conversion de 'double' en 'int', perte possible de données
  Lien.cpp
c:\users\ensimag\desktop\peps\projet_peps_2018\nativepricerconsole\lien.hpp(29): warning C4091: '__declspec(dllexport)' : ignoré à gauche de 'Lien' quand aucune variable n'est déclarée
  Eurostral100.cpp
  BlackScholesModel.cpp
c:\users\ensimag\desktop\peps\projet_peps_2018\nativepricerconsole\blackscholesmodel.cpp(148): warning C4244: 'initialisation' : conversion de 'double' en 'int', perte possible de données
c:\users\ensimag\desktop\peps\projet_peps_2018\nativepricerconsole\blackscholesmodel.cpp(189): warning C4244: 'initialisation' : conversion de 'double' en 'int', perte possible de données
c:\users\ensimag\desktop\peps\projet_peps_2018\nativepricerconsole\blackscholesmodel.cpp(254): warning C4244: 'initialisation' : conversion de 'double' en 'int', perte possible de données
c:\users\ensimag\desktop\peps\projet_peps_2018\nativepricerconsole\blackscholesmodel.cpp(264): warning C4267: '=' : conversion de 'size_t' en 'int', perte possible de données
  BasketOption.cpp
  AsianOption.cpp
  Génération de code en cours...
c:\users\ensimag\desktop\peps\projet_peps_2018\nativepricerconsole\pricer.cpp(197): warning C4715: 'Pricer::price' : les chemins de contrôle ne retournent pas tous une valeur
     Création de la bibliothèque C:\Users\ensimag\Desktop\PEPS\Projet_Peps_2018\x64\Debug\NativePricerConsole.lib et de l'objet C:\Users\ensimag\Desktop\PEPS\Projet_Peps_2018\x64\Debug\NativePricerConsole.exp
  NativePricerConsole.vcxproj -> C:\Users\ensimag\Desktop\PEPS\Projet_Peps_2018\x64\Debug\NativePricerConsole.dll
  NativePricerConsole.vcxproj -> C:\Users\ensimag\Desktop\PEPS\Projet_Peps_2018\x64\Debug\NativePricerConsole.pdb (Full PDB)
          1 fichier(s) copié(s).
          1 fichier(s) copié(s).
          1 fichier(s) copié(s).
=======
﻿
>>>>>>> 37c0adee92dc023b3a6b149a649fa77b22ba26f4
